<?xml version="1.0" encoding="UTF-8"?>
<testsuite name="com.bestbuy.bestbuyinfo.StoresCRUDTest" time="0.366" tests="5" errors="1" skipped="0" failures="0">
  <properties>
[...]
</properties>
  <testcase name="test001" classname="com.bestbuy.bestbuyinfo.StoresCRUDTest" time="0.073"/>
  <testcase name="test002" classname="com.bestbuy.bestbuyinfo.StoresCRUDTest" time="0.049"/>
  <testcase name="test003" classname="com.bestbuy.bestbuyinfo.StoresCRUDTest" time="0.023"/>
  <testcase name="test004" classname="com.bestbuy.bestbuyinfo.StoresCRUDTest" time="0.122">
    <error message="Index: 0, Size: 0" type="java.lang.IndexOutOfBoundsException">java.lang.IndexOutOfBoundsException: Index: 0, Size: 0
	at Script1.run(Script1.groovy:1)
	at groovy.lang.GroovyShell.evaluate(GroovyShell.java:585)
	at groovy.lang.GroovyShell.evaluate(GroovyShell.java:623)
	at groovy.lang.GroovyShell.evaluate(GroovyShell.java:594)
	at io.restassured.internal.path.json.JSONAssertion.eval(JSONAssertion.groovy:80)
	at io.restassured.internal.path.json.JSONAssertion.getAsJsonObject(JSONAssertion.groovy:46)
	at io.restassured.internal.path.json.JSONAssertion.getResult(JSONAssertion.groovy:28)
	at io.restassured.path.json.JsonPath.get(JsonPath.java:202)
	at io.restassured.internal.RestAssuredResponseOptionsGroovyImpl.path(RestAssuredResponseOptionsGroovyImpl.groovy:398)
	at io.restassured.internal.RestAssuredResponseOptionsImpl.path(RestAssuredResponseOptionsImpl.java:200)
	at com.bestbuy.bestbuyinfo.StoresSteps.getStoreInfoByName(StoresSteps.java:80)
	at com.bestbuy.bestbuyinfo.StoresCRUDTest.test004(StoresCRUDTest.java:79)
</error>
    <system-out><![CDATA[HTTP/1.1 200 OK
X-Powered-By: Express
Access-Control-Allow-Origin: *
Allow: GET,POST,PUT,PATCH,DELETE
Vary: Accept, Accept-Encoding
Content-Type: application/json; charset=utf-8
Content-Length: 221
ETag: W/"dd-lhp+OCzQDiVFuyHMMwt6LCf+UbM"
Date: Mon, 05 Jun 2023 11:19:46 GMT
Connection: keep-alive

{
    "id": 8936,
    "name": "Priya93000_123",
    "type": null,
    "address": null,
    "address2": null,
    "city": null,
    "state": null,
    "zip": null,
    "lat": 0,
    "lng": 0,
    "hours": null,
    "createdAt": "2023-06-05T11:19:46.714Z",
    "updatedAt": "2023-06-05T11:19:46.852Z"
}
HTTP/1.1 200 OK
X-Powered-By: Express
Access-Control-Allow-Origin: *
Allow: GET,POST,PUT,PATCH,DELETE
Vary: Accept, Accept-Encoding
Content-Type: application/json; charset=utf-8
Content-Length: 41
ETag: W/"29-wvD3r5ZFfIWlgjxrzCoRtfXXzZo"
Date: Mon, 05 Jun 2023 11:19:46 GMT
Connection: keep-alive

{
    "total": 0,
    "limit": 10,
    "skip": 0,
    "data": [
        
    ]
}
]]></system-out>
    <system-err><![CDATA[9036 [main] INFO net.serenitybdd.core.Serenity - 
        __    _____ _____ ____ _____   ____   _    ____  ____  _____ ____  
  _     \ \  |_   _| ____/ ___|_   _| |  _ \ / \  / ___|/ ___|| ____|  _ \ 
 (_)_____| |   | | |  _| \___ \ | |   | |_) / _ \ \___ \\___ \|  _| | | | |
  _|_____| |   | | | |___ ___) || |   |  __/ ___ \ ___) |___) | |___| |_| |
 (_)     | |   |_| |_____|____/ |_|   |_| /_/   \_\____/|____/|_____|____/ 
        /_/                                                                

TEST PASSED: This will retrieve store with id
----------------------------------------------------------------------------
9038 [main] INFO net.serenitybdd.core.Serenity - 
 _____ _____ ____ _____   ____ _____  _    ____ _____ _____ ____  
|_   _| ____/ ___|_   _| / ___|_   _|/ \  |  _ \_   _| ____|  _ \ 
  | | |  _| \___ \ | |   \___ \ | | / _ \ | |_) || | |  _| | | | |
  | | | |___ ___) || |    ___) || |/ ___ \|  _ < | | | |___| |_| |
  |_| |_____|____/ |_|   |____/ |_/_/   \_\_| \_\|_| |_____|____/ 
                                                                  

TEST STARTED: test004
-------------------------------------------------------------------
9038 [main] INFO net.serenitybdd.core.Serenity - TEST NUMBER: 9
]]></system-err>
  </testcase>
  <testcase name="test005" classname="com.bestbuy.bestbuyinfo.StoresCRUDTest" time="0.099"/>
</testsuite>