<?xml version="1.0" encoding="UTF-8"?><testsuite errors="0" failures="0" name="com.bestbuy.bestbuyinfo.ProductsCRUDTest" skipped="0" tests="5" time="6.1" timestamp="2023-06-05T12:19:38.575+01:00[Europe/London]"><testcase classname="com.bestbuy.bestbuyinfo.ProductsCRUDTest" name="This will create a new product"/><testcase classname="com.bestbuy.bestbuyinfo.ProductsCRUDTest" name="Verify if the product was added"/><testcase classname="com.bestbuy.bestbuyinfo.ProductsCRUDTest" name="This will retrieve product with id"/><testcase classname="com.bestbuy.bestbuyinfo.ProductsCRUDTest" name="This will update product with id"/><testcase classname="com.bestbuy.bestbuyinfo.ProductsCRUDTest" name="This will delete product with id"/></testsuite>